{
  "stats": {
    "suites": 1,
    "tests": 6,
    "passes": 6,
    "pending": 0,
    "failures": 0,
    "start": "2019-04-30T12:04:02.257Z",
    "end": "2019-04-30T12:04:02.471Z",
    "duration": 214,
    "testsRegistered": 6,
    "passPercent": 100,
    "pendingPercent": 0,
    "other": 0,
    "hasOther": false,
    "skipped": 0,
    "hasSkipped": false,
    "passPercentClass": "success",
    "pendingPercentClass": "danger"
  },
  "suites": {
    "uuid": "215f480f-44e4-4113-ad94-60dda52487d1",
    "title": "",
    "fullFile": "",
    "file": "",
    "beforeHooks": [],
    "afterHooks": [],
    "tests": [],
    "suites": [
      {
        "uuid": "2e0f3f79-d7cd-4042-b5bc-6b2ccd93290a",
        "title": "Test",
        "fullFile": "/home/ayoub/Desktop/votechain-node/tests/index.js",
        "file": "/tests/index.js",
        "beforeHooks": [],
        "afterHooks": [],
        "tests": [
          {
            "title": "GET /",
            "fullTitle": "Test GET /",
            "timedOut": false,
            "duration": 132,
            "state": "passed",
            "speed": "slow",
            "pass": true,
            "fail": false,
            "pending": false,
            "code": "_chai2.default.request(server).get('/').end(function (err, res) {\n\tres.should.have.status(200);\n\tdone();\n});",
            "err": {},
            "isRoot": false,
            "uuid": "d38ceb11-7517-45ba-946b-3bb402fdd971",
            "isHook": false,
            "skipped": false
          },
          {
            "title": "GET /vote",
            "fullTitle": "Test GET /vote",
            "timedOut": false,
            "duration": 18,
            "state": "passed",
            "speed": "fast",
            "pass": true,
            "fail": false,
            "pending": false,
            "code": "_chai2.default.request(server).get('/vote').end(function (err, res) {\n\tres.should.have.status(200);\n\tdone();\n});",
            "err": {},
            "isRoot": false,
            "uuid": "7fa68cbc-5b49-44ee-ada7-7901b594a889",
            "isHook": false,
            "skipped": false
          },
          {
            "title": "GET /register",
            "fullTitle": "Test GET /register",
            "timedOut": false,
            "duration": 7,
            "state": "passed",
            "speed": "fast",
            "pass": true,
            "fail": false,
            "pending": false,
            "code": "_chai2.default.request(server).get('/register').end(function (err, res) {\n\tres.should.have.status(200);\n\tdone();\n});",
            "err": {},
            "isRoot": false,
            "uuid": "ec924453-ccc3-4b03-9ad6-8347d725b89e",
            "isHook": false,
            "skipped": false
          },
          {
            "title": "GET /admin",
            "fullTitle": "Test GET /admin",
            "timedOut": false,
            "duration": 15,
            "state": "passed",
            "speed": "fast",
            "pass": true,
            "fail": false,
            "pending": false,
            "code": "_chai2.default.request(server).get('/admin').end(function (err, res) {\n\tres.should.have.status(200);\n\tdone();\n});",
            "err": {},
            "isRoot": false,
            "uuid": "ede2bd02-c74d-4026-976e-17d5933e8ffb",
            "isHook": false,
            "skipped": false
          },
          {
            "title": "GET /admin/login",
            "fullTitle": "Test GET /admin/login",
            "timedOut": false,
            "duration": 6,
            "state": "passed",
            "speed": "fast",
            "pass": true,
            "fail": false,
            "pending": false,
            "code": "_chai2.default.request(server).get('/admin/login').end(function (err, res) {\n\tres.should.have.status(200);\n\tdone();\n});",
            "err": {},
            "isRoot": false,
            "uuid": "a93adb23-37f2-47e2-a22e-7654c35226ac",
            "isHook": false,
            "skipped": false
          },
          {
            "title": "GET /results",
            "fullTitle": "Test GET /results",
            "timedOut": false,
            "duration": 15,
            "state": "passed",
            "speed": "fast",
            "pass": true,
            "fail": false,
            "pending": false,
            "code": "_chai2.default.request(server).get('/results').end(function (err, res) {\n\tres.should.have.status(200);\n\tdone();\n});",
            "err": {},
            "isRoot": false,
            "uuid": "16038143-0297-4a62-9f4f-8e5a2ca7cc88",
            "isHook": false,
            "skipped": false
          }
        ],
        "suites": [],
        "passes": [
          "d38ceb11-7517-45ba-946b-3bb402fdd971",
          "7fa68cbc-5b49-44ee-ada7-7901b594a889",
          "ec924453-ccc3-4b03-9ad6-8347d725b89e",
          "ede2bd02-c74d-4026-976e-17d5933e8ffb",
          "a93adb23-37f2-47e2-a22e-7654c35226ac",
          "16038143-0297-4a62-9f4f-8e5a2ca7cc88"
        ],
        "failures": [],
        "pending": [],
        "skipped": [],
        "duration": 193,
        "root": false,
        "rootEmpty": false,
        "_timeout": 30000
      }
    ],
    "passes": [],
    "failures": [],
    "pending": [],
    "skipped": [],
    "duration": 0,
    "root": true,
    "rootEmpty": true,
    "_timeout": 30000
  },
  "copyrightYear": 2019
}